INFO:sim:172 - Generating IP...
Resolving generics for 'cikarici'...
Applying external generics to 'cikarici'...
Delivering associated files for 'cikarici'...
Generating implementation netlist for 'cikarici'...
INFO:sim - Pre-processing HDL files for 'cikarici'...
Running synthesis for 'cikarici'
Running ngcbuild...
Writing VHO instantiation template for 'cikarici'...
Writing VHDL behavioral simulation model for 'cikarici'...
Multiple simulation libraries found for 'cikarici'...
Delivered 3 files into directory
C:/Users/ASUS/Desktop/ISE/Yedinci_Hafta_Float_Point/ipcore_dir/tmp/_cg/cikarici
Generating ASY schematic symbol...
INFO:sim:949 - Finished generation of ASY schematic symbol.
Generating SYM schematic symbol for 'cikarici'...
Generating metadata file...
Generating ISE project...
XCO file found: cikarici.xco
XMDF file found: cikarici_xmdf.tcl
Adding
C:/Users/ASUS/Desktop/ISE/Yedinci_Hafta_Float_Point/ipcore_dir/tmp/_cg/cikarici.
asy -view all -origin_type imported
Adding
C:/Users/ASUS/Desktop/ISE/Yedinci_Hafta_Float_Point/ipcore_dir/tmp/_cg/cikarici.
ngc -view all -origin_type created
Checking file
"C:/Users/ASUS/Desktop/ISE/Yedinci_Hafta_Float_Point/ipcore_dir/tmp/_cg/cikarici
.ngc" for project device match ...
File
"C:/Users/ASUS/Desktop/ISE/Yedinci_Hafta_Float_Point/ipcore_dir/tmp/_cg/cikarici
.ngc" device information matches project device.
Adding
C:/Users/ASUS/Desktop/ISE/Yedinci_Hafta_Float_Point/ipcore_dir/tmp/_cg/cikarici.
sym -view all -origin_type imported
Adding
C:/Users/ASUS/Desktop/ISE/Yedinci_Hafta_Float_Point/ipcore_dir/tmp/_cg/cikarici.
vhd -view all -origin_type created
INFO:HDLCompiler:1061 - Parsing VHDL file
   "C:/Users/ASUS/Desktop/ISE/Yedinci_Hafta_Float_Point/ipcore_dir/tmp/_cg/cikar
   ici.vhd" into library work
INFO:ProjectMgmt - Parsing design hierarchy completed successfully.
Adding
C:/Users/ASUS/Desktop/ISE/Yedinci_Hafta_Float_Point/ipcore_dir/tmp/_cg/cikarici.
vho -view all -origin_type imported
INFO:TclTasksC:2116 - The automatic calculation of top has been turned-off.
   Please set the new top explicitly by running the "project set top" command.
   To re-calculate the new top automatically, set the "Auto Implementation Top"
   property to true.
Top level has been set to "/cikarici"
Generating README file...
Generating FLIST file...
INFO:sim:948 - Finished FLIST file generation.
Launching README viewer...
Moving files to output directory...
Finished moving files to output directory
Wrote CGP file for project 'cikarici'.
