Running: C:\Xilinx\14.7\ISE_DS\ISE\bin\nt64\unwrapped\fuse.exe -intstyle ise -incremental -o C:/Users/ASUS/Desktop/ISE/led/test_isim_beh.exe -prj C:/Users/ASUS/Desktop/ISE/led/test_beh.prj work.test 
ISim P.20131013 (signature 0x7708f090)
Number of CPUs detected in this system: 4
Turning on mult-threading, number of parallel sub-compilation jobs: 8 
Determining compilation order of HDL files
Parsing VHDL file "C:/Users/ASUS/Desktop/ISE/led/led1.vhd" into library work
Parsing VHDL file "C:/Users/ASUS/Desktop/ISE/led/test.vhd" into library work
Starting static elaboration
Completed static elaboration
Compiling package standard
Compiling package std_logic_1164
Compiling package numeric_std
Compiling architecture behavioral of entity led1 [led1_default]
Compiling architecture behavior of entity test
Time Resolution for simulation is 1ps.
Waiting for 1 sub-compilation(s) to finish...
WARNING:Simulator - Unable to copy libPortabilityNOSH.dll to the simulation executable directory: boost::filesystem::copy_file: Sistem belirtilen yolu bulamýyor, "isim\test_isim_beh.exe.sim\libPortability.dll".
Compiled 6 VHDL Units
Built simulation executable C:/Users/ASUS/Desktop/ISE/led/test_isim_beh.exe
Fuse Memory Usage: 35720 KB
Fuse CPU Usage: 483 ms
