Running: C:\Xilinx\14.7\ISE_DS\ISE\bin\nt64\unwrapped\fuse.exe -intstyle ise -incremental -o C:/Users/ASUS/Desktop/ISE/FloatingPointNumber-Tabanli/test_isim_beh.exe -prj C:/Users/ASUS/Desktop/ISE/FloatingPointNumber-Tabanli/test_beh.prj work.test 
ISim P.20131013 (signature 0x7708f090)
Number of CPUs detected in this system: 4
Turning on mult-threading, number of parallel sub-compilation jobs: 8 
Determining compilation order of HDL files
Parsing VHDL file "C:/Users/ASUS/Desktop/ISE/FloatingPointNumber-Tabanli/ipcore_dir/cikarici.vhd" into library work
Parsing VHDL file "C:/Users/ASUS/Desktop/ISE/FloatingPointNumber-Tabanli/proje.vhd" into library work
Parsing VHDL file "C:/Users/ASUS/Desktop/ISE/FloatingPointNumber-Tabanli/test.vhd" into library work
Starting static elaboration
Completed static elaboration
Compiling package standard
Compiling package std_logic_1164
Compiling package std_logic_arith
Compiling package floating_point_v5_0_consts
Compiling package numeric_std
Compiling package textio
Compiling package bip_utils_pkg_v2_0
Compiling package floating_point_pkg_v5_0
Compiling architecture behavioral of entity FLT_PT_OPERATOR_V5_0 [\FLT_PT_OPERATOR_V5_0("spartan3e...]
Compiling architecture behavioral of entity FLOATING_POINT_V5_0 [\FLOATING_POINT_V5_0("spartan3e"...]
Compiling architecture cikarici_a of entity cikarici [cikarici_default]
Compiling architecture behavioral of entity proje [proje_default]
Compiling architecture behavior of entity test
Time Resolution for simulation is 1ps.
Waiting for 5 sub-compilation(s) to finish...
WARNING:Simulator - Unable to copy libPortabilityNOSH.dll to the simulation executable directory: boost::filesystem::copy_file: Sistem belirtilen yolu bulamýyor, "isim\test_isim_beh.exe.sim\libPortability.dll".
Compiled 17 VHDL Units
Built simulation executable C:/Users/ASUS/Desktop/ISE/FloatingPointNumber-Tabanli/test_isim_beh.exe
Fuse Memory Usage: 42708 KB
Fuse CPU Usage: 1515 ms
